<!DOCTYPE html PUBLIC "-//W3C//DTD XHTML 1.1//EN" "https://www.w3.org/TR/xhtml11/DTD/xhtml11.dtd">
<html xmlns="https://www.w3.org/1999/xhtml">
<head>
    <meta http-equiv="content-type" content="text/html; charset=UTF-8"/>
    <title>TestNG Report</title>
    <style type="text/css">
        table {margin-bottom:10px;border-collapse:collapse;empty-cells:show}th,td {border:1px solid #009;padding:.25em .5em}th {vertical-align:bottom}td {vertical-align:top}table a {font-weight:bold}.stripe td {background-color: #E6EBF9}.num {text-align:right}.passedodd td {background-color: #3F3}.passedeven td {background-color: #0A0}.skippedodd td {background-color: #DDD}.skippedeven td {background-color: #CCC}.failedodd td,.attn {background-color: #F33}.failedeven td,.stripe .attn {background-color: #D00}.stacktrace {white-space:pre;font-family:monospace}.totop {font-size:85%;text-align:center;border-bottom:2px solid #000}.invisible {display:none}
    </style>
</head>
<body>
<table>
    <tr>
        <th>Test</th>
        <th># Passed</th>
        <th># Skipped</th>
        <th># Retried</th>
        <th># Failed</th>
        <th>Time (ms)</th>
        <th>Included Groups</th>
        <th>Excluded Groups</th>
    </tr>
    <tr>
        <th colspan="8">All Test Suite</th>
    </tr>
    <tr>
        <td><a href="#t0">C02Listeners02</a></td>
        <td class="num">0</td>
        <td class="num attn">6</td>
        <td class="num">0</td>
        <td class="num">0</td>
        <td class="num">675</td>
        <td></td>
        <td></td>
    </tr>
</table>
<table id='summary'>
    <thead>
    <tr>
        <th>Class</th>
        <th>Method</th>
        <th>Start</th>
        <th>Time (ms)</th>
    </tr>
    </thead>
    <tbody>
    <tr>
        <th colspan="4">All Test Suite</th>
    </tr>
    </tbody>
    <tbody id="t0">
    <tr>
        <th colspan="4">C02Listeners02 &#8212; failed (configuration methods)</th>
    </tr>
    <tr class="failedeven">
        <td rowspan="1">sda.test.day20.C02Listeners02</td>
        <td><a href="#m0">setupClass</a></td>
        <td rowspan="1">1710921348934</td>
        <td rowspan="1">174</td>
    </tr>
    <tr>
        <th colspan="4">C02Listeners02 &#8212; skipped (configuration methods)</th>
    </tr>
    <tr class="skippedeven">
        <td rowspan="13">sda.test.day20.C02Listeners02</td>
        <td><a href="#m1">afterClass</a></td>
        <td rowspan="1">1710921349552</td>
        <td rowspan="1">0</td>
    </tr>
    <tr class="skippedeven">
        <td><a href="#m2">setup</a></td>
        <td rowspan="6">1710921349519</td>
        <td rowspan="6">0</td>
    </tr>
    <tr class="skippedeven">
        <td><a href="#m3">setup</a></td>
    </tr>
    <tr class="skippedeven">
        <td><a href="#m4">setup</a></td>
    </tr>
    <tr class="skippedeven">
        <td><a href="#m5">setup</a></td>
    </tr>
    <tr class="skippedeven">
        <td><a href="#m6">setup</a></td>
    </tr>
    <tr class="skippedeven">
        <td><a href="#m7">setup</a></td>
    </tr>
    <tr class="skippedeven">
        <td><a href="#m8">teardown</a></td>
        <td rowspan="6">1710921349496</td>
        <td rowspan="6">0</td>
    </tr>
    <tr class="skippedeven">
        <td><a href="#m9">teardown</a></td>
    </tr>
    <tr class="skippedeven">
        <td><a href="#m10">teardown</a></td>
    </tr>
    <tr class="skippedeven">
        <td><a href="#m11">teardown</a></td>
    </tr>
    <tr class="skippedeven">
        <td><a href="#m12">teardown</a></td>
    </tr>
    <tr class="skippedeven">
        <td><a href="#m13">teardown</a></td>
    </tr>
    <tr>
        <th colspan="4">C02Listeners02 &#8212; skipped</th>
    </tr>
    <tr class="skippedeven">
        <td rowspan="6">sda.test.day20.C02Listeners02</td>
        <td><a href="#m14">failedTest</a></td>
        <td rowspan="1">1710921349418</td>
        <td rowspan="1">0</td>
    </tr>
    <tr class="skippedeven">
        <td><a href="#m15">skippedTest</a></td>
        <td rowspan="1">1710921349447</td>
        <td rowspan="1">0</td>
    </tr>
    <tr class="skippedeven">
        <td><a href="#m16">successTest</a></td>
        <td rowspan="1">1710921349469</td>
        <td rowspan="1">0</td>
    </tr>
    <tr class="skippedeven">
        <td><a href="#m17">successfulTest</a></td>
        <td rowspan="1">1710921349489</td>
        <td rowspan="1">1</td>
    </tr>
    <tr class="skippedeven">
        <td><a href="#m18">successfulTestWithPercentage</a></td>
        <td rowspan="1">1710921349503</td>
        <td rowspan="1">0</td>
    </tr>
    <tr class="skippedeven">
        <td><a href="#m19">timeoutTest</a></td>
        <td rowspan="1">1710921349524</td>
        <td rowspan="1">0</td>
    </tr>
    </tbody>
</table>
<h2>C02Listeners02</h2>
<h3 id="m0">sda.test.day20.C02Listeners02#setupClass</h3>
<table class="result">
    <tr>
        <th>Exception</th>
    </tr>
    <tr>
        <td>
            <div class="stacktrace">java.nio.file.InvalidPathException: Illegal char &lt;:&gt; at index 88:
                C:\Users\abdul\IdeaProjects\SDA_2024_TestNg\test-output\reports\testReport_2024_03_20_10:55:49.html
                at java.base/sun.nio.fs.WindowsPathParser.normalize(WindowsPathParser.java:204)
                at java.base/sun.nio.fs.WindowsPathParser.parse(WindowsPathParser.java:175)
                at java.base/sun.nio.fs.WindowsPathParser.parse(WindowsPathParser.java:77)
                at java.base/sun.nio.fs.WindowsPath.parse(WindowsPath.java:92)
                at java.base/sun.nio.fs.WindowsFileSystem.getPath(WindowsFileSystem.java:231)
                at java.base/java.io.File.toPath(File.java:2401)
                at com.aventstack.extentreports.reporter.AbstractFileReporter.&lt;init&gt;(AbstractFileReporter.java:40)
                at com.aventstack.extentreports.reporter.ExtentSparkReporter.&lt;init&gt;(ExtentSparkReporter.java:51)
                at sda.utilites.TestBaseExtendReport.setupClass(TestBaseExtendReport.java:37)
                at java.base/jdk.internal.reflect.DirectMethodHandleAccessor.invoke(DirectMethodHandleAccessor.java:103)
                at java.base/java.lang.reflect.Method.invoke(Method.java:580)
                at org.testng.internal.invokers.MethodInvocationHelper.invokeMethod(MethodInvocationHelper.java:139)
                at
                org.testng.internal.invokers.MethodInvocationHelper.invokeMethodConsideringTimeout(MethodInvocationHelper.java:69)
                at org.testng.internal.invokers.ConfigInvoker.invokeConfigurationMethod(ConfigInvoker.java:393)
                at org.testng.internal.invokers.ConfigInvoker.invokeConfigurations(ConfigInvoker.java:326)
                at org.testng.internal.invokers.TestMethodWorker.invokeBeforeClassMethods(TestMethodWorker.java:180)
                at org.testng.internal.invokers.TestMethodWorker.run(TestMethodWorker.java:122)
                at java.base/java.util.ArrayList.forEach(ArrayList.java:1596)
                at org.testng.TestRunner.privateRun(TestRunner.java:819)
                at org.testng.TestRunner.run(TestRunner.java:619)
                at org.testng.SuiteRunner.runTest(SuiteRunner.java:443)
                at org.testng.SuiteRunner.runSequentially(SuiteRunner.java:437)
                at org.testng.SuiteRunner.privateRun(SuiteRunner.java:397)
                at org.testng.SuiteRunner.run(SuiteRunner.java:336)
                at org.testng.SuiteRunnerWorker.runSuite(SuiteRunnerWorker.java:52)
                at org.testng.SuiteRunnerWorker.run(SuiteRunnerWorker.java:95)
                at org.testng.TestNG.runSuitesSequentially(TestNG.java:1301)
                at org.testng.TestNG.runSuitesLocally(TestNG.java:1228)
                at org.testng.TestNG.runSuites(TestNG.java:1134)
                at org.testng.TestNG.run(TestNG.java:1101)
                at com.intellij.rt.testng.IDEARemoteTestNG.run(IDEARemoteTestNG.java:65)
                at com.intellij.rt.testng.RemoteTestNGStarter.main(RemoteTestNGStarter.java:105)
            </div>
        </td>
    </tr>
</table>
<p class="totop"><a href="#summary">back to summary</a></p>
<h3 id="m1">sda.test.day20.C02Listeners02#afterClass</h3>
<table class="result">
    <tr>
        <th class="invisible"/>
    </tr>
</table>
<p class="totop"><a href="#summary">back to summary</a></p>
<h3 id="m2">sda.test.day20.C02Listeners02#setup</h3>
<table class="result">
    <tr>
        <th class="invisible"/>
    </tr>
</table>
<p class="totop"><a href="#summary">back to summary</a></p>
<h3 id="m3">sda.test.day20.C02Listeners02#setup</h3>
<table class="result">
    <tr>
        <th class="invisible"/>
    </tr>
</table>
<p class="totop"><a href="#summary">back to summary</a></p>
<h3 id="m4">sda.test.day20.C02Listeners02#setup</h3>
<table class="result">
    <tr>
        <th class="invisible"/>
    </tr>
</table>
<p class="totop"><a href="#summary">back to summary</a></p>
<h3 id="m5">sda.test.day20.C02Listeners02#setup</h3>
<table class="result">
    <tr>
        <th class="invisible"/>
    </tr>
</table>
<p class="totop"><a href="#summary">back to summary</a></p>
<h3 id="m6">sda.test.day20.C02Listeners02#setup</h3>
<table class="result">
    <tr>
        <th class="invisible"/>
    </tr>
</table>
<p class="totop"><a href="#summary">back to summary</a></p>
<h3 id="m7">sda.test.day20.C02Listeners02#setup</h3>
<table class="result">
    <tr>
        <th class="invisible"/>
    </tr>
</table>
<p class="totop"><a href="#summary">back to summary</a></p>
<h3 id="m8">sda.test.day20.C02Listeners02#teardown</h3>
<table class="result">
    <tr>
        <th class="invisible"/>
    </tr>
</table>
<p class="totop"><a href="#summary">back to summary</a></p>
<h3 id="m9">sda.test.day20.C02Listeners02#teardown</h3>
<table class="result">
    <tr>
        <th class="invisible"/>
    </tr>
</table>
<p class="totop"><a href="#summary">back to summary</a></p>
<h3 id="m10">sda.test.day20.C02Listeners02#teardown</h3>
<table class="result">
    <tr>
        <th class="invisible"/>
    </tr>
</table>
<p class="totop"><a href="#summary">back to summary</a></p>
<h3 id="m11">sda.test.day20.C02Listeners02#teardown</h3>
<table class="result">
    <tr>
        <th class="invisible"/>
    </tr>
</table>
<p class="totop"><a href="#summary">back to summary</a></p>
<h3 id="m12">sda.test.day20.C02Listeners02#teardown</h3>
<table class="result">
    <tr>
        <th class="invisible"/>
    </tr>
</table>
<p class="totop"><a href="#summary">back to summary</a></p>
<h3 id="m13">sda.test.day20.C02Listeners02#teardown</h3>
<table class="result">
    <tr>
        <th class="invisible"/>
    </tr>
</table>
<p class="totop"><a href="#summary">back to summary</a></p>
<h3 id="m14">sda.test.day20.C02Listeners02#failedTest</h3>
<table class="result">
    <tr>
        <th>Exception</th>
    </tr>
    <tr>
        <td>
            <div class="stacktrace">java.nio.file.InvalidPathException: Illegal char &lt;:&gt; at index 88:
                C:\Users\abdul\IdeaProjects\SDA_2024_TestNg\test-output\reports\testReport_2024_03_20_10:55:49.html
                at java.base/sun.nio.fs.WindowsPathParser.normalize(WindowsPathParser.java:204)
                at java.base/sun.nio.fs.WindowsPathParser.parse(WindowsPathParser.java:175)
                at java.base/sun.nio.fs.WindowsPathParser.parse(WindowsPathParser.java:77)
                at java.base/sun.nio.fs.WindowsPath.parse(WindowsPath.java:92)
                at java.base/sun.nio.fs.WindowsFileSystem.getPath(WindowsFileSystem.java:231)
                at java.base/java.io.File.toPath(File.java:2401)
                at com.aventstack.extentreports.reporter.AbstractFileReporter.&lt;init&gt;(AbstractFileReporter.java:40)
                at com.aventstack.extentreports.reporter.ExtentSparkReporter.&lt;init&gt;(ExtentSparkReporter.java:51)
                at sda.utilites.TestBaseExtendReport.setupClass(TestBaseExtendReport.java:37)
                at java.base/jdk.internal.reflect.DirectMethodHandleAccessor.invoke(DirectMethodHandleAccessor.java:103)
                at java.base/java.lang.reflect.Method.invoke(Method.java:580)
                at org.testng.internal.invokers.MethodInvocationHelper.invokeMethod(MethodInvocationHelper.java:139)
                at
                org.testng.internal.invokers.MethodInvocationHelper.invokeMethodConsideringTimeout(MethodInvocationHelper.java:69)
                at org.testng.internal.invokers.ConfigInvoker.invokeConfigurationMethod(ConfigInvoker.java:393)
                at org.testng.internal.invokers.ConfigInvoker.invokeConfigurations(ConfigInvoker.java:326)
                at org.testng.internal.invokers.TestMethodWorker.invokeBeforeClassMethods(TestMethodWorker.java:180)
                at org.testng.internal.invokers.TestMethodWorker.run(TestMethodWorker.java:122)
                at java.base/java.util.ArrayList.forEach(ArrayList.java:1596)
                at org.testng.TestRunner.privateRun(TestRunner.java:819)
                at org.testng.TestRunner.run(TestRunner.java:619)
                at org.testng.SuiteRunner.runTest(SuiteRunner.java:443)
                at org.testng.SuiteRunner.runSequentially(SuiteRunner.java:437)
                at org.testng.SuiteRunner.privateRun(SuiteRunner.java:397)
                at org.testng.SuiteRunner.run(SuiteRunner.java:336)
                at org.testng.SuiteRunnerWorker.runSuite(SuiteRunnerWorker.java:52)
                at org.testng.SuiteRunnerWorker.run(SuiteRunnerWorker.java:95)
                at org.testng.TestNG.runSuitesSequentially(TestNG.java:1301)
                at org.testng.TestNG.runSuitesLocally(TestNG.java:1228)
                at org.testng.TestNG.runSuites(TestNG.java:1134)
                at org.testng.TestNG.run(TestNG.java:1101)
                at com.intellij.rt.testng.IDEARemoteTestNG.run(IDEARemoteTestNG.java:65)
                at com.intellij.rt.testng.RemoteTestNGStarter.main(RemoteTestNGStarter.java:105)
            </div>
        </td>
    </tr>
</table>
<p class="totop"><a href="#summary">back to summary</a></p>
<h3 id="m15">sda.test.day20.C02Listeners02#skippedTest</h3>
<table class="result">
    <tr>
        <th>Exception</th>
    </tr>
    <tr>
        <td>
            <div class="stacktrace">java.nio.file.InvalidPathException: Illegal char &lt;:&gt; at index 88:
                C:\Users\abdul\IdeaProjects\SDA_2024_TestNg\test-output\reports\testReport_2024_03_20_10:55:49.html
                at java.base/sun.nio.fs.WindowsPathParser.normalize(WindowsPathParser.java:204)
                at java.base/sun.nio.fs.WindowsPathParser.parse(WindowsPathParser.java:175)
                at java.base/sun.nio.fs.WindowsPathParser.parse(WindowsPathParser.java:77)
                at java.base/sun.nio.fs.WindowsPath.parse(WindowsPath.java:92)
                at java.base/sun.nio.fs.WindowsFileSystem.getPath(WindowsFileSystem.java:231)
                at java.base/java.io.File.toPath(File.java:2401)
                at com.aventstack.extentreports.reporter.AbstractFileReporter.&lt;init&gt;(AbstractFileReporter.java:40)
                at com.aventstack.extentreports.reporter.ExtentSparkReporter.&lt;init&gt;(ExtentSparkReporter.java:51)
                at sda.utilites.TestBaseExtendReport.setupClass(TestBaseExtendReport.java:37)
                at java.base/jdk.internal.reflect.DirectMethodHandleAccessor.invoke(DirectMethodHandleAccessor.java:103)
                at java.base/java.lang.reflect.Method.invoke(Method.java:580)
                at org.testng.internal.invokers.MethodInvocationHelper.invokeMethod(MethodInvocationHelper.java:139)
                at
                org.testng.internal.invokers.MethodInvocationHelper.invokeMethodConsideringTimeout(MethodInvocationHelper.java:69)
                at org.testng.internal.invokers.ConfigInvoker.invokeConfigurationMethod(ConfigInvoker.java:393)
                at org.testng.internal.invokers.ConfigInvoker.invokeConfigurations(ConfigInvoker.java:326)
                at org.testng.internal.invokers.TestMethodWorker.invokeBeforeClassMethods(TestMethodWorker.java:180)
                at org.testng.internal.invokers.TestMethodWorker.run(TestMethodWorker.java:122)
                at java.base/java.util.ArrayList.forEach(ArrayList.java:1596)
                at org.testng.TestRunner.privateRun(TestRunner.java:819)
                at org.testng.TestRunner.run(TestRunner.java:619)
                at org.testng.SuiteRunner.runTest(SuiteRunner.java:443)
                at org.testng.SuiteRunner.runSequentially(SuiteRunner.java:437)
                at org.testng.SuiteRunner.privateRun(SuiteRunner.java:397)
                at org.testng.SuiteRunner.run(SuiteRunner.java:336)
                at org.testng.SuiteRunnerWorker.runSuite(SuiteRunnerWorker.java:52)
                at org.testng.SuiteRunnerWorker.run(SuiteRunnerWorker.java:95)
                at org.testng.TestNG.runSuitesSequentially(TestNG.java:1301)
                at org.testng.TestNG.runSuitesLocally(TestNG.java:1228)
                at org.testng.TestNG.runSuites(TestNG.java:1134)
                at org.testng.TestNG.run(TestNG.java:1101)
                at com.intellij.rt.testng.IDEARemoteTestNG.run(IDEARemoteTestNG.java:65)
                at com.intellij.rt.testng.RemoteTestNGStarter.main(RemoteTestNGStarter.java:105)
            </div>
        </td>
    </tr>
</table>
<p class="totop"><a href="#summary">back to summary</a></p>
<h3 id="m16">sda.test.day20.C02Listeners02#successTest</h3>
<table class="result">
    <tr class="param">
        <th>Parameter #1</th>
    </tr>
    <tr class="param stripe">
        <td>org.testng.TestRunner@50d13246</td>
    </tr>
    <tr>
        <th>Exception</th>
    </tr>
    <tr>
        <td>
            <div class="stacktrace">java.nio.file.InvalidPathException: Illegal char &lt;:&gt; at index 88:
                C:\Users\abdul\IdeaProjects\SDA_2024_TestNg\test-output\reports\testReport_2024_03_20_10:55:49.html
                at java.base/sun.nio.fs.WindowsPathParser.normalize(WindowsPathParser.java:204)
                at java.base/sun.nio.fs.WindowsPathParser.parse(WindowsPathParser.java:175)
                at java.base/sun.nio.fs.WindowsPathParser.parse(WindowsPathParser.java:77)
                at java.base/sun.nio.fs.WindowsPath.parse(WindowsPath.java:92)
                at java.base/sun.nio.fs.WindowsFileSystem.getPath(WindowsFileSystem.java:231)
                at java.base/java.io.File.toPath(File.java:2401)
                at com.aventstack.extentreports.reporter.AbstractFileReporter.&lt;init&gt;(AbstractFileReporter.java:40)
                at com.aventstack.extentreports.reporter.ExtentSparkReporter.&lt;init&gt;(ExtentSparkReporter.java:51)
                at sda.utilites.TestBaseExtendReport.setupClass(TestBaseExtendReport.java:37)
                at java.base/jdk.internal.reflect.DirectMethodHandleAccessor.invoke(DirectMethodHandleAccessor.java:103)
                at java.base/java.lang.reflect.Method.invoke(Method.java:580)
                at org.testng.internal.invokers.MethodInvocationHelper.invokeMethod(MethodInvocationHelper.java:139)
                at
                org.testng.internal.invokers.MethodInvocationHelper.invokeMethodConsideringTimeout(MethodInvocationHelper.java:69)
                at org.testng.internal.invokers.ConfigInvoker.invokeConfigurationMethod(ConfigInvoker.java:393)
                at org.testng.internal.invokers.ConfigInvoker.invokeConfigurations(ConfigInvoker.java:326)
                at org.testng.internal.invokers.TestMethodWorker.invokeBeforeClassMethods(TestMethodWorker.java:180)
                at org.testng.internal.invokers.TestMethodWorker.run(TestMethodWorker.java:122)
                at java.base/java.util.ArrayList.forEach(ArrayList.java:1596)
                at org.testng.TestRunner.privateRun(TestRunner.java:819)
                at org.testng.TestRunner.run(TestRunner.java:619)
                at org.testng.SuiteRunner.runTest(SuiteRunner.java:443)
                at org.testng.SuiteRunner.runSequentially(SuiteRunner.java:437)
                at org.testng.SuiteRunner.privateRun(SuiteRunner.java:397)
                at org.testng.SuiteRunner.run(SuiteRunner.java:336)
                at org.testng.SuiteRunnerWorker.runSuite(SuiteRunnerWorker.java:52)
                at org.testng.SuiteRunnerWorker.run(SuiteRunnerWorker.java:95)
                at org.testng.TestNG.runSuitesSequentially(TestNG.java:1301)
                at org.testng.TestNG.runSuitesLocally(TestNG.java:1228)
                at org.testng.TestNG.runSuites(TestNG.java:1134)
                at org.testng.TestNG.run(TestNG.java:1101)
                at com.intellij.rt.testng.IDEARemoteTestNG.run(IDEARemoteTestNG.java:65)
                at com.intellij.rt.testng.RemoteTestNGStarter.main(RemoteTestNGStarter.java:105)
            </div>
        </td>
    </tr>
</table>
<p class="totop"><a href="#summary">back to summary</a></p>
<h3 id="m17">sda.test.day20.C02Listeners02#successfulTest</h3>
<table class="result">
    <tr>
        <th>Exception</th>
    </tr>
    <tr>
        <td>
            <div class="stacktrace">java.nio.file.InvalidPathException: Illegal char &lt;:&gt; at index 88:
                C:\Users\abdul\IdeaProjects\SDA_2024_TestNg\test-output\reports\testReport_2024_03_20_10:55:49.html
                at java.base/sun.nio.fs.WindowsPathParser.normalize(WindowsPathParser.java:204)
                at java.base/sun.nio.fs.WindowsPathParser.parse(WindowsPathParser.java:175)
                at java.base/sun.nio.fs.WindowsPathParser.parse(WindowsPathParser.java:77)
                at java.base/sun.nio.fs.WindowsPath.parse(WindowsPath.java:92)
                at java.base/sun.nio.fs.WindowsFileSystem.getPath(WindowsFileSystem.java:231)
                at java.base/java.io.File.toPath(File.java:2401)
                at com.aventstack.extentreports.reporter.AbstractFileReporter.&lt;init&gt;(AbstractFileReporter.java:40)
                at com.aventstack.extentreports.reporter.ExtentSparkReporter.&lt;init&gt;(ExtentSparkReporter.java:51)
                at sda.utilites.TestBaseExtendReport.setupClass(TestBaseExtendReport.java:37)
                at java.base/jdk.internal.reflect.DirectMethodHandleAccessor.invoke(DirectMethodHandleAccessor.java:103)
                at java.base/java.lang.reflect.Method.invoke(Method.java:580)
                at org.testng.internal.invokers.MethodInvocationHelper.invokeMethod(MethodInvocationHelper.java:139)
                at
                org.testng.internal.invokers.MethodInvocationHelper.invokeMethodConsideringTimeout(MethodInvocationHelper.java:69)
                at org.testng.internal.invokers.ConfigInvoker.invokeConfigurationMethod(ConfigInvoker.java:393)
                at org.testng.internal.invokers.ConfigInvoker.invokeConfigurations(ConfigInvoker.java:326)
                at org.testng.internal.invokers.TestMethodWorker.invokeBeforeClassMethods(TestMethodWorker.java:180)
                at org.testng.internal.invokers.TestMethodWorker.run(TestMethodWorker.java:122)
                at java.base/java.util.ArrayList.forEach(ArrayList.java:1596)
                at org.testng.TestRunner.privateRun(TestRunner.java:819)
                at org.testng.TestRunner.run(TestRunner.java:619)
                at org.testng.SuiteRunner.runTest(SuiteRunner.java:443)
                at org.testng.SuiteRunner.runSequentially(SuiteRunner.java:437)
                at org.testng.SuiteRunner.privateRun(SuiteRunner.java:397)
                at org.testng.SuiteRunner.run(SuiteRunner.java:336)
                at org.testng.SuiteRunnerWorker.runSuite(SuiteRunnerWorker.java:52)
                at org.testng.SuiteRunnerWorker.run(SuiteRunnerWorker.java:95)
                at org.testng.TestNG.runSuitesSequentially(TestNG.java:1301)
                at org.testng.TestNG.runSuitesLocally(TestNG.java:1228)
                at org.testng.TestNG.runSuites(TestNG.java:1134)
                at org.testng.TestNG.run(TestNG.java:1101)
                at com.intellij.rt.testng.IDEARemoteTestNG.run(IDEARemoteTestNG.java:65)
                at com.intellij.rt.testng.RemoteTestNGStarter.main(RemoteTestNGStarter.java:105)
            </div>
        </td>
    </tr>
</table>
<p class="totop"><a href="#summary">back to summary</a></p>
<h3 id="m18">sda.test.day20.C02Listeners02#successfulTestWithPercentage</h3>
<table class="result">
    <tr>
        <th>Exception</th>
    </tr>
    <tr>
        <td>
            <div class="stacktrace">java.nio.file.InvalidPathException: Illegal char &lt;:&gt; at index 88:
                C:\Users\abdul\IdeaProjects\SDA_2024_TestNg\test-output\reports\testReport_2024_03_20_10:55:49.html
                at java.base/sun.nio.fs.WindowsPathParser.normalize(WindowsPathParser.java:204)
                at java.base/sun.nio.fs.WindowsPathParser.parse(WindowsPathParser.java:175)
                at java.base/sun.nio.fs.WindowsPathParser.parse(WindowsPathParser.java:77)
                at java.base/sun.nio.fs.WindowsPath.parse(WindowsPath.java:92)
                at java.base/sun.nio.fs.WindowsFileSystem.getPath(WindowsFileSystem.java:231)
                at java.base/java.io.File.toPath(File.java:2401)
                at com.aventstack.extentreports.reporter.AbstractFileReporter.&lt;init&gt;(AbstractFileReporter.java:40)
                at com.aventstack.extentreports.reporter.ExtentSparkReporter.&lt;init&gt;(ExtentSparkReporter.java:51)
                at sda.utilites.TestBaseExtendReport.setupClass(TestBaseExtendReport.java:37)
                at java.base/jdk.internal.reflect.DirectMethodHandleAccessor.invoke(DirectMethodHandleAccessor.java:103)
                at java.base/java.lang.reflect.Method.invoke(Method.java:580)
                at org.testng.internal.invokers.MethodInvocationHelper.invokeMethod(MethodInvocationHelper.java:139)
                at
                org.testng.internal.invokers.MethodInvocationHelper.invokeMethodConsideringTimeout(MethodInvocationHelper.java:69)
                at org.testng.internal.invokers.ConfigInvoker.invokeConfigurationMethod(ConfigInvoker.java:393)
                at org.testng.internal.invokers.ConfigInvoker.invokeConfigurations(ConfigInvoker.java:326)
                at org.testng.internal.invokers.TestMethodWorker.invokeBeforeClassMethods(TestMethodWorker.java:180)
                at org.testng.internal.invokers.TestMethodWorker.run(TestMethodWorker.java:122)
                at java.base/java.util.ArrayList.forEach(ArrayList.java:1596)
                at org.testng.TestRunner.privateRun(TestRunner.java:819)
                at org.testng.TestRunner.run(TestRunner.java:619)
                at org.testng.SuiteRunner.runTest(SuiteRunner.java:443)
                at org.testng.SuiteRunner.runSequentially(SuiteRunner.java:437)
                at org.testng.SuiteRunner.privateRun(SuiteRunner.java:397)
                at org.testng.SuiteRunner.run(SuiteRunner.java:336)
                at org.testng.SuiteRunnerWorker.runSuite(SuiteRunnerWorker.java:52)
                at org.testng.SuiteRunnerWorker.run(SuiteRunnerWorker.java:95)
                at org.testng.TestNG.runSuitesSequentially(TestNG.java:1301)
                at org.testng.TestNG.runSuitesLocally(TestNG.java:1228)
                at org.testng.TestNG.runSuites(TestNG.java:1134)
                at org.testng.TestNG.run(TestNG.java:1101)
                at com.intellij.rt.testng.IDEARemoteTestNG.run(IDEARemoteTestNG.java:65)
                at com.intellij.rt.testng.RemoteTestNGStarter.main(RemoteTestNGStarter.java:105)
            </div>
        </td>
    </tr>
</table>
<p class="totop"><a href="#summary">back to summary</a></p>
<h3 id="m19">sda.test.day20.C02Listeners02#timeoutTest</h3>
<table class="result">
    <tr>
        <th>Exception</th>
    </tr>
    <tr>
        <td>
            <div class="stacktrace">java.nio.file.InvalidPathException: Illegal char &lt;:&gt; at index 88:
                C:\Users\abdul\IdeaProjects\SDA_2024_TestNg\test-output\reports\testReport_2024_03_20_10:55:49.html
                at java.base/sun.nio.fs.WindowsPathParser.normalize(WindowsPathParser.java:204)
                at java.base/sun.nio.fs.WindowsPathParser.parse(WindowsPathParser.java:175)
                at java.base/sun.nio.fs.WindowsPathParser.parse(WindowsPathParser.java:77)
                at java.base/sun.nio.fs.WindowsPath.parse(WindowsPath.java:92)
                at java.base/sun.nio.fs.WindowsFileSystem.getPath(WindowsFileSystem.java:231)
                at java.base/java.io.File.toPath(File.java:2401)
                at com.aventstack.extentreports.reporter.AbstractFileReporter.&lt;init&gt;(AbstractFileReporter.java:40)
                at com.aventstack.extentreports.reporter.ExtentSparkReporter.&lt;init&gt;(ExtentSparkReporter.java:51)
                at sda.utilites.TestBaseExtendReport.setupClass(TestBaseExtendReport.java:37)
                at java.base/jdk.internal.reflect.DirectMethodHandleAccessor.invoke(DirectMethodHandleAccessor.java:103)
                at java.base/java.lang.reflect.Method.invoke(Method.java:580)
                at org.testng.internal.invokers.MethodInvocationHelper.invokeMethod(MethodInvocationHelper.java:139)
                at
                org.testng.internal.invokers.MethodInvocationHelper.invokeMethodConsideringTimeout(MethodInvocationHelper.java:69)
                at org.testng.internal.invokers.ConfigInvoker.invokeConfigurationMethod(ConfigInvoker.java:393)
                at org.testng.internal.invokers.ConfigInvoker.invokeConfigurations(ConfigInvoker.java:326)
                at org.testng.internal.invokers.TestMethodWorker.invokeBeforeClassMethods(TestMethodWorker.java:180)
                at org.testng.internal.invokers.TestMethodWorker.run(TestMethodWorker.java:122)
                at java.base/java.util.ArrayList.forEach(ArrayList.java:1596)
                at org.testng.TestRunner.privateRun(TestRunner.java:819)
                at org.testng.TestRunner.run(TestRunner.java:619)
                at org.testng.SuiteRunner.runTest(SuiteRunner.java:443)
                at org.testng.SuiteRunner.runSequentially(SuiteRunner.java:437)
                at org.testng.SuiteRunner.privateRun(SuiteRunner.java:397)
                at org.testng.SuiteRunner.run(SuiteRunner.java:336)
                at org.testng.SuiteRunnerWorker.runSuite(SuiteRunnerWorker.java:52)
                at org.testng.SuiteRunnerWorker.run(SuiteRunnerWorker.java:95)
                at org.testng.TestNG.runSuitesSequentially(TestNG.java:1301)
                at org.testng.TestNG.runSuitesLocally(TestNG.java:1228)
                at org.testng.TestNG.runSuites(TestNG.java:1134)
                at org.testng.TestNG.run(TestNG.java:1101)
                at com.intellij.rt.testng.IDEARemoteTestNG.run(IDEARemoteTestNG.java:65)
                at com.intellij.rt.testng.RemoteTestNGStarter.main(RemoteTestNGStarter.java:105)
            </div>
        </td>
    </tr>
</table>
<p class="totop"><a href="#summary">back to summary</a></p>
</body>
</html>
